<?xml version="1.0" encoding="UTF-8"?>
<testng-results skipped="0" failed="0" ignored="0" total="1" passed="1">
  <reporter-output>
  </reporter-output>
  <suite name="Default suite" duration-ms="28154" started-at="2018-08-19T06:26:07Z" finished-at="2018-08-19T06:26:35Z">
    <groups>
    </groups>
    <test name="Default test" duration-ms="28154" started-at="2018-08-19T06:26:07Z" finished-at="2018-08-19T06:26:35Z">
      <class name="techcanvass.seltraning.NewTest">
        <test-method status="PASS" signature="setUp()[pri:0, instance:techcanvass.seltraning.NewTest@5442a311]" name="setUp" is-config="true" duration-ms="25529" started-at="2018-08-19T06:26:07Z" finished-at="2018-08-19T06:26:33Z">
          <reporter-output>
          </reporter-output>
        </test-method> <!-- setUp -->
        <test-method status="PASS" signature="f()[pri:0, instance:techcanvass.seltraning.NewTest@5442a311]" name="f" duration-ms="2471" started-at="2018-08-19T06:26:33Z" finished-at="2018-08-19T06:26:35Z">
          <reporter-output>
          </reporter-output>
        </test-method> <!-- f -->
        <test-method status="PASS" signature="afterTest()[pri:0, instance:techcanvass.seltraning.NewTest@5442a311]" name="afterTest" is-config="true" duration-ms="1" started-at="2018-08-19T06:26:35Z" finished-at="2018-08-19T06:26:35Z">
          <reporter-output>
          </reporter-output>
        </test-method> <!-- afterTest -->
      </class> <!-- techcanvass.seltraning.NewTest -->
    </test> <!-- Default test -->
  </suite> <!-- Default suite -->
</testng-results>
